Replica folder does not exist. Creating: ./test-replica
Synchronizing contents from ./test to ./test-replica
Copying new file: G:\My Drive\folder-sync\test\folder
Copying new file: G:\My Drive\folder-sync\test\teste.txt
Running in infinite mode. Monitoring ./test for changes...
test has: 
Id     Name            PSJobTypeName   State         HasMoreData     Location             Command                  
--     ----            -------------   -----         -----------     --------             -------                  
5      folder-sync                     NotStarted    False                                ...                      



Removing file: G:\My Drive\folder-sync\test-replica\folder
Removing file: G:\My Drive\folder-sync\test-replica\teste.txt
Synchronizing contents from ./test to ./test-replica
Running in infinite mode. Monitoring ./test for changes...
test has: 
Synchronizing contents from ./test to ./test-replica
Running in infinite mode. Monitoring ./test for changes...
test has: 
Synchronizing contents from ./test to ./test-replica
Running in infinite mode. Monitoring ./test for changes...
test has: 
Synchronizing contents from ./test to ./test-replica
Running in infinite mode. Monitoring ./test for changes...
test has: 
Id     Name            PSJobTypeName   State         HasMoreData     Location             Command                  
--     ----            -------------   -----         -----------     --------             -------                  
6      folder-sync                     NotStarted    False                                ...                      



Synchronizing contents from ./test to ./test-replica
Running in infinite mode. Monitoring ./test for changes...
test has: 
Id     Name            PSJobTypeName   State         HasMoreData     Location             Command                  
--     ----            -------------   -----         -----------     --------             -------                  
7      folder-sync                     NotStarted    False                                ...                      



Replica folder does not exist. Creating: ./test-replica
Running in infinite mode. Monitoring ./test for changes...
Running in infinite mode. Monitoring ./test for changes...
Replica folder does not exist. Creating: C:\Users\lmcr6\Desktop\teste/test-replica
Running in infinite mode. Monitoring C:\Users\lmcr6\Desktop\teste/test for changes...
Replica folder does not exist. Creating: C:\Users\lmcr6\Desktop\teste/test-replica
Running in infinite mode. Monitoring C:\Users\lmcr6\Desktop\teste/test for changes...
Running in infinite mode. Monitoring C:\Users\lmcr6\Desktop\teste/test for changes...
Running in infinite mode. Monitoring C:\Users\lmcr6\Desktop\teste/test for changes...
Running in infinite mode. Monitoring C:\Users\lmcr6\Desktop\teste/test for changes...
Running in infinite mode. Monitoring C:\Users\lmcr6\Desktop\teste/test for changes...
Running in infinite mode. Monitoring C:\Users\lmcr6\Desktop\teste/test for changes...
Running in infinite mode. Monitoring C:\Users\lmcr6\Desktop\teste/test for changes...
Running in infinite mode. Monitoring C:\Users\lmcr6\Desktop\teste/test for changes...
Running in infinite mode. Monitoring ./test for changes...
Running in infinite mode. Monitoring ./test for changes...
Running in infinite mode. Monitoring ./test for changes...
Running in infinite mode. Monitoring ./test for changes...
Running in infinite mode. Monitoring ./test for changes...
Running in infinite mode. Monitoring ./test for changes...
Running in infinite mode. Monitoring ./test for changes...
Running in infinite mode. Monitoring ./test for changes...
Running in infinite mode. Monitoring ./test for changes...
Running in infinite mode. Monitoring ./test for changes...
Running in infinite mode. Monitoring ./test for changes...
Running in infinite mode. Monitoring ./test for changes...
Unregistering events and quiting...
Running in infinite mode. Monitoring ./test for changes...
Unregistering events and quiting...
Running in infinite mode. Monitoring ./test for changes...
Unregistering events and quiting...
Running in infinite mode. Monitoring ./test for changes...
New file detected: ./test\b. Copying...
Running in infinite mode. Monitoring ./test for changes...
New file detected: ./test\c. Copying...
